/home/alex/mpw_precheck/checks/tech-files/sky130A_mr.drc:50: warning: already initialized constant DRC::DRCEngine::FEOL
/home/alex/mpw_precheck/checks/tech-files/sky130A_mr.drc:40: warning: previous definition of FEOL was here
/home/alex/mpw_precheck/checks/tech-files/sky130A_mr.drc:54: warning: already initialized constant DRC::DRCEngine::BEOL
/home/alex/mpw_precheck/checks/tech-files/sky130A_mr.drc:41: warning: previous definition of BEOL was here
/home/alex/mpw_precheck/checks/tech-files/sky130A_mr.drc:62: warning: already initialized constant DRC::DRCEngine::OFFGRID
/home/alex/mpw_precheck/checks/tech-files/sky130A_mr.drc:42: warning: previous definition of OFFGRID was here
/home/alex/mpw_precheck/checks/tech-files/sky130A_mr.drc:68: warning: already initialized constant DRC::DRCEngine::SEAL
/home/alex/mpw_precheck/checks/tech-files/sky130A_mr.drc:43: warning: previous definition of SEAL was here
/home/alex/mpw_precheck/checks/tech-files/sky130A_mr.drc:74: warning: already initialized constant DRC::DRCEngine::FLOATING_MET
/home/alex/mpw_precheck/checks/tech-files/sky130A_mr.drc:44: warning: previous definition of FLOATING_MET was here
"input" in: sky130A_mr.drc:124
    Polygons (raw): 2576464 (flat)  321 (hierarchical)
    Elapsed: 0.080s  Memory: 800.00M
"polygons" in: sky130A_mr.drc:125
    Polygons (raw): 267058 (flat)  2 (hierarchical)
    Elapsed: 0.060s  Memory: 800.00M
"polygons" in: sky130A_mr.drc:126
    Polygons (raw): 1182461 (flat)  105 (hierarchical)
    Elapsed: 0.050s  Memory: 800.00M
"polygons" in: sky130A_mr.drc:127
    Polygons (raw): 0 (flat)  0 (hierarchical)
    Elapsed: 0.010s  Memory: 800.00M
"polygons" in: sky130A_mr.drc:128
    Polygons (raw): 0 (flat)  0 (hierarchical)
    Elapsed: 0.010s  Memory: 800.00M
"polygons" in: sky130A_mr.drc:129
    Polygons (raw): 0 (flat)  0 (hierarchical)
    Elapsed: 0.000s  Memory: 800.00M
"polygons" in: sky130A_mr.drc:130
    Polygons (raw): 0 (flat)  0 (hierarchical)
    Elapsed: 0.010s  Memory: 800.00M
"polygons" in: sky130A_mr.drc:131
    Polygons (raw): 0 (flat)  0 (hierarchical)
    Elapsed: 0.010s  Memory: 800.00M
"polygons" in: sky130A_mr.drc:132
    Polygons (raw): 1183251 (flat)  111 (hierarchical)
    Elapsed: 0.050s  Memory: 800.00M
"polygons" in: sky130A_mr.drc:133
    Polygons (raw): 0 (flat)  0 (hierarchical)
    Elapsed: 0.010s  Memory: 800.00M
"polygons" in: sky130A_mr.drc:134
    Polygons (raw): 0 (flat)  0 (hierarchical)
    Elapsed: 0.010s  Memory: 800.00M
"polygons" in: sky130A_mr.drc:135
    Polygons (raw): 0 (flat)  0 (hierarchical)
    Elapsed: 0.010s  Memory: 800.00M
"polygons" in: sky130A_mr.drc:136
    Polygons (raw): 0 (flat)  0 (hierarchical)
    Elapsed: 0.010s  Memory: 800.00M
"polygons" in: sky130A_mr.drc:137
    Polygons (raw): 4002326 (flat)  766 (hierarchical)
    Elapsed: 0.060s  Memory: 800.00M
"polygons" in: sky130A_mr.drc:138
    Polygons (raw): 0 (flat)  0 (hierarchical)
    Elapsed: 0.010s  Memory: 800.00M
"polygons" in: sky130A_mr.drc:139
    Polygons (raw): 1315990 (flat)  106 (hierarchical)
    Elapsed: 0.050s  Memory: 800.00M
"polygons" in: sky130A_mr.drc:140
    Polygons (raw): 1315990 (flat)  106 (hierarchical)
    Elapsed: 0.050s  Memory: 800.00M
"polygons" in: sky130A_mr.drc:141
    Polygons (raw): 0 (flat)  0 (hierarchical)
    Elapsed: 0.010s  Memory: 800.00M
"polygons" in: sky130A_mr.drc:142
    Polygons (raw): 0 (flat)  0 (hierarchical)
    Elapsed: 0.010s  Memory: 800.00M
"polygons" in: sky130A_mr.drc:143
    Polygons (raw): 1277032 (flat)  144 (hierarchical)
    Elapsed: 0.050s  Memory: 800.00M
"polygons" in: sky130A_mr.drc:144
    Polygons (raw): 14053628 (flat)  3222 (hierarchical)
    Elapsed: 0.050s  Memory: 800.00M
"polygons" in: sky130A_mr.drc:146
    Polygons (raw): 8566200 (flat)  62637 (hierarchical)
    Elapsed: 0.080s  Memory: 800.00M
"polygons" in: sky130A_mr.drc:147
    Polygons (raw): 16654279 (flat)  63159 (hierarchical)
    Elapsed: 0.080s  Memory: 800.00M
"polygons" in: sky130A_mr.drc:149
    Polygons (raw): 6761201 (flat)  301109 (hierarchical)
    Elapsed: 0.160s  Memory: 808.00M
"polygons" in: sky130A_mr.drc:150
    Polygons (raw): 2234980 (flat)  228276 (hierarchical)
    Elapsed: 0.140s  Memory: 814.00M
"polygons" in: sky130A_mr.drc:152
    Polygons (raw): 1410037 (flat)  127371 (hierarchical)
    Elapsed: 0.110s  Memory: 816.00M
"polygons" in: sky130A_mr.drc:153
    Polygons (raw): 1146783 (flat)  128493 (hierarchical)
    Elapsed: 0.110s  Memory: 819.00M
"polygons" in: sky130A_mr.drc:155
    Polygons (raw): 111684 (flat)  19186 (hierarchical)
    Elapsed: 0.070s  Memory: 819.00M
"polygons" in: sky130A_mr.drc:156
    Polygons (raw): 1120567 (flat)  125839 (hierarchical)
    Elapsed: 0.100s  Memory: 823.00M
"polygons" in: sky130A_mr.drc:158
    Polygons (raw): 4437 (flat)  1623 (hierarchical)
    Elapsed: 0.070s  Memory: 823.00M
"polygons" in: sky130A_mr.drc:159
    Polygons (raw): 21056 (flat)  21056 (hierarchical)
    Elapsed: 0.060s  Memory: 823.00M
"polygons" in: sky130A_mr.drc:161
    Polygons (raw): 89 (flat)  89 (hierarchical)
    Elapsed: 0.050s  Memory: 823.00M
"polygons" in: sky130A_mr.drc:163
    Polygons (raw): 0 (flat)  0 (hierarchical)
    Elapsed: 0.000s  Memory: 823.00M
"polygons" in: sky130A_mr.drc:164
    Polygons (raw): 0 (flat)  0 (hierarchical)
    Elapsed: 0.010s  Memory: 823.00M
"polygons" in: sky130A_mr.drc:165
    Polygons (raw): 0 (flat)  0 (hierarchical)
    Elapsed: 0.010s  Memory: 823.00M
"polygons" in: sky130A_mr.drc:166
    Polygons (raw): 0 (flat)  0 (hierarchical)
    Elapsed: 0.010s  Memory: 823.00M
"polygons" in: sky130A_mr.drc:167
    Polygons (raw): 0 (flat)  0 (hierarchical)
    Elapsed: 0.010s  Memory: 823.00M
"polygons" in: sky130A_mr.drc:168
    Polygons (raw): 0 (flat)  0 (hierarchical)
    Elapsed: 0.010s  Memory: 823.00M
"polygons" in: sky130A_mr.drc:169
    Polygons (raw): 0 (flat)  0 (hierarchical)
    Elapsed: 0.010s  Memory: 823.00M
"polygons" in: sky130A_mr.drc:170
    Polygons (raw): 0 (flat)  0 (hierarchical)
    Elapsed: 0.000s  Memory: 823.00M
"polygons" in: sky130A_mr.drc:171
    Polygons (raw): 0 (flat)  0 (hierarchical)
    Elapsed: 0.010s  Memory: 823.00M
"polygons" in: sky130A_mr.drc:172
    Polygons (raw): 0 (flat)  0 (hierarchical)
    Elapsed: 0.010s  Memory: 823.00M
"polygons" in: sky130A_mr.drc:173
    Polygons (raw): 0 (flat)  0 (hierarchical)
    Elapsed: 0.010s  Memory: 823.00M
"polygons" in: sky130A_mr.drc:174
    Polygons (raw): 0 (flat)  0 (hierarchical)
    Elapsed: 0.010s  Memory: 823.00M
"polygons" in: sky130A_mr.drc:175
    Polygons (raw): 0 (flat)  0 (hierarchical)
    Elapsed: 0.010s  Memory: 823.00M
"polygons" in: sky130A_mr.drc:176
    Polygons (raw): 0 (flat)  0 (hierarchical)
    Elapsed: 0.010s  Memory: 823.00M
"polygons" in: sky130A_mr.drc:177
    Polygons (raw): 0 (flat)  0 (hierarchical)
    Elapsed: 0.010s  Memory: 823.00M
"polygons" in: sky130A_mr.drc:178
    Polygons (raw): 0 (flat)  0 (hierarchical)
    Elapsed: 0.010s  Memory: 823.00M
"polygons" in: sky130A_mr.drc:179
    Polygons (raw): 0 (flat)  0 (hierarchical)
    Elapsed: 0.010s  Memory: 823.00M
"polygons" in: sky130A_mr.drc:180
    Polygons (raw): 1182461 (flat)  105 (hierarchical)
    Elapsed: 0.050s  Memory: 823.00M
"polygons" in: sky130A_mr.drc:181
    Polygons (raw): 0 (flat)  0 (hierarchical)
    Elapsed: 0.010s  Memory: 823.00M
"polygons" in: sky130A_mr.drc:182
    Polygons (raw): 0 (flat)  0 (hierarchical)
    Elapsed: 0.010s  Memory: 823.00M
"polygons" in: sky130A_mr.drc:183
    Polygons (raw): 0 (flat)  0 (hierarchical)
    Elapsed: 0.010s  Memory: 823.00M
"polygons" in: sky130A_mr.drc:184
    Polygons (raw): 0 (flat)  0 (hierarchical)
    Elapsed: 0.010s  Memory: 823.00M
"polygons" in: sky130A_mr.drc:185
    Polygons (raw): 0 (flat)  0 (hierarchical)
    Elapsed: 0.010s  Memory: 823.00M
"polygons" in: sky130A_mr.drc:186
    Polygons (raw): 0 (flat)  0 (hierarchical)
    Elapsed: 0.010s  Memory: 823.00M
"polygons" in: sky130A_mr.drc:187
    Polygons (raw): 0 (flat)  0 (hierarchical)
    Elapsed: 0.000s  Memory: 823.00M
"polygons" in: sky130A_mr.drc:188
    Polygons (raw): 16 (flat)  2 (hierarchical)
    Elapsed: 0.060s  Memory: 823.00M
"polygons" in: sky130A_mr.drc:189
    Polygons (raw): 0 (flat)  0 (hierarchical)
    Elapsed: 0.010s  Memory: 823.00M
"polygons" in: sky130A_mr.drc:190
    Polygons (raw): 0 (flat)  0 (hierarchical)
    Elapsed: 0.000s  Memory: 823.00M
"polygons" in: sky130A_mr.drc:191
    Polygons (raw): 0 (flat)  0 (hierarchical)
    Elapsed: 0.010s  Memory: 823.00M
"polygons" in: sky130A_mr.drc:192
    Polygons (raw): 0 (flat)  0 (hierarchical)
    Elapsed: 0.010s  Memory: 823.00M
"polygons" in: sky130A_mr.drc:193
    Polygons (raw): 30515 (flat)  1 (hierarchical)
    Elapsed: 0.060s  Memory: 823.00M
"polygons" in: sky130A_mr.drc:194
    Polygons (raw): 0 (flat)  0 (hierarchical)
    Elapsed: 0.010s  Memory: 823.00M
"polygons" in: sky130A_mr.drc:195
    Polygons (raw): 0 (flat)  0 (hierarchical)
    Elapsed: 0.000s  Memory: 823.00M
"polygons" in: sky130A_mr.drc:196
    Polygons (raw): 0 (flat)  0 (hierarchical)
    Elapsed: 0.010s  Memory: 823.00M
"polygons" in: sky130A_mr.drc:197
    Polygons (raw): 0 (flat)  0 (hierarchical)
    Elapsed: 0.010s  Memory: 823.00M
"polygons" in: sky130A_mr.drc:198
    Polygons (raw): 0 (flat)  0 (hierarchical)
    Elapsed: 0.010s  Memory: 823.00M
"polygons" in: sky130A_mr.drc:199
    Polygons (raw): 0 (flat)  0 (hierarchical)
    Elapsed: 0.000s  Memory: 823.00M
"polygons" in: sky130A_mr.drc:200
    Polygons (raw): 0 (flat)  0 (hierarchical)
    Elapsed: 0.010s  Memory: 823.00M
"polygons" in: sky130A_mr.drc:201
    Polygons (raw): 0 (flat)  0 (hierarchical)
    Elapsed: 0.010s  Memory: 823.00M
"polygons" in: sky130A_mr.drc:202
    Polygons (raw): 0 (flat)  0 (hierarchical)
    Elapsed: 0.010s  Memory: 823.00M
"polygons" in: sky130A_mr.drc:203
    Polygons (raw): 0 (flat)  0 (hierarchical)
    Elapsed: 0.010s  Memory: 823.00M
"polygons" in: sky130A_mr.drc:204
    Polygons (raw): 0 (flat)  0 (hierarchical)
    Elapsed: 0.010s  Memory: 823.00M
"polygons" in: sky130A_mr.drc:205
    Polygons (raw): 0 (flat)  0 (hierarchical)
    Elapsed: 0.010s  Memory: 823.00M
"polygons" in: sky130A_mr.drc:206
    Polygons (raw): 0 (flat)  0 (hierarchical)
    Elapsed: 0.010s  Memory: 823.00M
"polygons" in: sky130A_mr.drc:207
    Polygons (raw): 0 (flat)  0 (hierarchical)
    Elapsed: 0.010s  Memory: 823.00M
"polygons" in: sky130A_mr.drc:208
    Polygons (raw): 0 (flat)  0 (hierarchical)
    Elapsed: 0.000s  Memory: 823.00M
"polygons" in: sky130A_mr.drc:209
    Polygons (raw): 0 (flat)  0 (hierarchical)
    Elapsed: 0.010s  Memory: 823.00M
"polygons" in: sky130A_mr.drc:210
    Polygons (raw): 0 (flat)  0 (hierarchical)
    Elapsed: 0.000s  Memory: 823.00M
"polygons" in: sky130A_mr.drc:211
    Polygons (raw): 0 (flat)  0 (hierarchical)
    Elapsed: 0.000s  Memory: 823.00M
"polygons" in: sky130A_mr.drc:212
    Polygons (raw): 0 (flat)  0 (hierarchical)
    Elapsed: 0.010s  Memory: 823.00M
"polygons" in: sky130A_mr.drc:213
    Polygons (raw): 0 (flat)  0 (hierarchical)
    Elapsed: 0.010s  Memory: 823.00M
"polygons" in: sky130A_mr.drc:214
    Polygons (raw): 0 (flat)  0 (hierarchical)
    Elapsed: 0.010s  Memory: 823.00M
"polygons" in: sky130A_mr.drc:215
    Polygons (raw): 0 (flat)  0 (hierarchical)
    Elapsed: 0.010s  Memory: 823.00M
DRC section
BEOL section
START: 67/20 (li)
"interacting" in: sky130A_mr.drc:397
    Polygons (raw): 0 (flat)  0 (hierarchical)
    Elapsed: 13.960s  Memory: 1573.00M
"not" in: sky130A_mr.drc:397
    Polygons (raw): 8566200 (flat)  62637 (hierarchical)
    Elapsed: 0.030s  Memory: 1573.00M
"width" in: sky130A_mr.drc:398
    Edge pairs: 0 (flat)  0 (hierarchical)
    Elapsed: 2.260s  Memory: 1573.00M
"output" in: sky130A_mr.drc:398
    Edge pairs: 0 (flat)  0 (hierarchical)
    Elapsed: 0.020s  Memory: 1573.00M
"edges" in: sky130A_mr.drc:400
    Edges: 47967805 (flat)  857543 (hierarchical)
    Elapsed: 32.800s  Memory: 1637.00M
"space" in: sky130A_mr.drc:400
    Edge pairs: 0 (flat)  0 (hierarchical)
    Elapsed: 25.950s  Memory: 2090.00M
"output" in: sky130A_mr.drc:400
    Edge pairs: 0 (flat)  0 (hierarchical)
    Elapsed: 0.020s  Memory: 2090.00M
"not" in: sky130A_mr.drc:401
    Polygons (raw): 14053628 (flat)  3222 (hierarchical)
    Elapsed: 0.020s  Memory: 2090.00M
"enclosing" in: sky130A_mr.drc:402
    Edge pairs: 14684895 (flat)  1638256 (hierarchical)
    Elapsed: 69.290s  Memory: 2282.00M
"second_edges" in: sky130A_mr.drc:402
    Edges: 14684895 (flat)  1638256 (hierarchical)
    Elapsed: 0.080s  Memory: 2282.00M
"width" in: sky130A_mr.drc:403
    Edge pairs: 0 (flat)  0 (hierarchical)
    Elapsed: 8.060s  Memory: 2288.00M
"polygons" in: sky130A_mr.drc:404
    Polygons (raw): 0 (flat)  0 (hierarchical)
    Elapsed: 0.020s  Memory: 2288.00M
"interacting" in: sky130A_mr.drc:404
    Polygons (raw): 0 (flat)  0 (hierarchical)
    Elapsed: 1.140s  Memory: 2288.00M
"output" in: sky130A_mr.drc:405
    Polygons (raw): 0 (flat)  0 (hierarchical)
    Elapsed: 0.030s  Memory: 2288.00M
"with_area" in: sky130A_mr.drc:406
    Polygons (raw): 0 (flat)  0 (hierarchical)
    Elapsed: 0.260s  Memory: 2288.00M
"output" in: sky130A_mr.drc:406
    Polygons (raw): 0 (flat)  0 (hierarchical)
    Elapsed: 0.030s  Memory: 2288.00M
END: 67/20 (li)
START: 67/44 (mcon)
"not" in: sky130A_mr.drc:411
    Polygons (raw): 16654279 (flat)  63159 (hierarchical)
    Elapsed: 0.030s  Memory: 2288.00M
"not" in: sky130A_mr.drc:418
    Polygons (raw): 16654279 (flat)  63159 (hierarchical)
    Elapsed: 0.030s  Memory: 2288.00M
"non_rectangles" in: sky130A_mr.drc:419
    Polygons (raw): 0 (flat)  0 (hierarchical)
    Elapsed: 44.380s  Memory: 3119.00M
"output" in: sky130A_mr.drc:419
    Polygons (raw): 0 (flat)  0 (hierarchical)
    Elapsed: 0.030s  Memory: 3119.00M
"drc" in: sky130A_mr.drc:421
    Edge pairs: 0 (flat)  0 (hierarchical)
    Elapsed: 44.840s  Memory: 3087.00M
"output" in: sky130A_mr.drc:421
    Edge pairs: 0 (flat)  0 (hierarchical)
    Elapsed: 0.030s  Memory: 3087.00M
"drc" in: sky130A_mr.drc:422
    Edges: 0 (flat)  0 (hierarchical)
    Elapsed: 6.330s  Memory: 3087.00M
"output" in: sky130A_mr.drc:422
    Edges: 0 (flat)  0 (hierarchical)
    Elapsed: 0.030s  Memory: 3087.00M
"space" in: sky130A_mr.drc:423
    Edge pairs: 0 (flat)  0 (hierarchical)
    Elapsed: 9.200s  Memory: 3087.00M
"output" in: sky130A_mr.drc:423
    Edge pairs: 0 (flat)  0 (hierarchical)
    Elapsed: 0.040s  Memory: 3087.00M
"not" in: sky130A_mr.drc:429
    Polygons (raw): 0 (flat)  0 (hierarchical)
    Elapsed: 14.460s  Memory: 3087.00M
"output" in: sky130A_mr.drc:429
    Polygons (raw): 0 (flat)  0 (hierarchical)
    Elapsed: 0.040s  Memory: 3087.00M
END: 67/44 (mcon)
START: 68/20 (m1)
"width" in: sky130A_mr.drc:434
    Edge pairs: 0 (flat)  0 (hierarchical)
    Elapsed: 13.930s  Memory: 3087.00M
"output" in: sky130A_mr.drc:434
    Edge pairs: 0 (flat)  0 (hierarchical)
    Elapsed: 0.030s  Memory: 3087.00M
"sized" in: sky130A_mr.drc:435
    Polygons (raw): 0 (flat)  0 (hierarchical)
    Elapsed: 1.060s  Memory: 3087.00M
"sized" in: sky130A_mr.drc:435
    Polygons (raw): 0 (flat)  0 (hierarchical)
    Elapsed: 0.030s  Memory: 3087.00M
"snap" in: sky130A_mr.drc:435
    Polygons (raw): 0 (flat)  0 (hierarchical)
    Elapsed: 0.210s  Memory: 3087.00M
"&" in: sky130A_mr.drc:435
    Polygons (raw): 0 (flat)  0 (hierarchical)
    Elapsed: 0.030s  Memory: 3087.00M
"edges" in: sky130A_mr.drc:436
    Edges: 24482145 (flat)  1119584 (hierarchical)
    Elapsed: 26.020s  Memory: 3151.00M
"-" in: sky130A_mr.drc:436
    Edges: 24482145 (flat)  1119584 (hierarchical)
    Elapsed: 0.040s  Memory: 3151.00M
"edges" in: sky130A_mr.drc:437
    Edges: 0 (flat)  0 (hierarchical)
    Elapsed: 0.040s  Memory: 3151.00M
"merged" in: sky130A_mr.drc:437
    Polygons (raw): 976042 (flat)  67250 (hierarchical)
    Elapsed: 0.010s  Memory: 3151.00M
"outside_part" in: sky130A_mr.drc:437
    Edges: 0 (flat)  0 (hierarchical)
    Elapsed: 0.020s  Memory: 3151.00M
"space" in: sky130A_mr.drc:439
    Edge pairs: 0 (flat)  0 (hierarchical)
    Elapsed: 39.730s  Memory: 3151.00M
"output" in: sky130A_mr.drc:439
    Edge pairs: 0 (flat)  0 (hierarchical)
    Elapsed: 0.030s  Memory: 3151.00M
"separation" in: sky130A_mr.drc:441
    Edge pairs: 0 (flat)  0 (hierarchical)
    Elapsed: 0.010s  Memory: 3151.00M
"space" in: sky130A_mr.drc:441
    Edge pairs: 0 (flat)  0 (hierarchical)
    Elapsed: 0.010s  Memory: 3151.00M
"+" in: sky130A_mr.drc:441
    Edge pairs: 0 (flat)  0 (hierarchical)
    Elapsed: 0.010s  Memory: 3151.00M
"output" in: sky130A_mr.drc:441
    Edge pairs: 0 (flat)  0 (hierarchical)
    Elapsed: 0.010s  Memory: 3151.00M
"input" in: sky130A_mr.drc:445
    Polygons (raw): 6761201 (flat)  301651 (hierarchical)
    Elapsed: 0.180s  Memory: 3151.00M
"enclosing" in: sky130A_mr.drc:447
    Edge pairs: 0 (flat)  0 (hierarchical)
    Elapsed: 55.960s  Memory: 3151.00M
"output" in: sky130A_mr.drc:447
    Edge pairs: 0 (flat)  0 (hierarchical)
    Elapsed: 0.030s  Memory: 3151.00M
"not" in: sky130A_mr.drc:448
    Polygons (raw): 0 (flat)  0 (hierarchical)
    Elapsed: 16.620s  Memory: 3151.00M
"output" in: sky130A_mr.drc:448
    Polygons (raw): 0 (flat)  0 (hierarchical)
    Elapsed: 0.040s  Memory: 3151.00M
"input" in: sky130A_mr.drc:450
    Polygons (raw): 0 (flat)  0 (hierarchical)
    Elapsed: 0.090s  Memory: 3151.00M
"enclosing" in: sky130A_mr.drc:451
    Edge pairs: 0 (flat)  0 (hierarchical)
    Elapsed: 0.100s  Memory: 3151.00M
"output" in: sky130A_mr.drc:451
    Edge pairs: 0 (flat)  0 (hierarchical)
    Elapsed: 0.020s  Memory: 3151.00M
"not" in: sky130A_mr.drc:453
    Polygons (raw): 0 (flat)  0 (hierarchical)
    Elapsed: 0.020s  Memory: 3151.00M
"output" in: sky130A_mr.drc:453
    Polygons (raw): 0 (flat)  0 (hierarchical)
    Elapsed: 0.030s  Memory: 3151.00M
"with_area" in: sky130A_mr.drc:455
    Polygons (raw): 0 (flat)  0 (hierarchical)
    Elapsed: 0.090s  Memory: 3151.00M
"output" in: sky130A_mr.drc:455
    Polygons (raw): 0 (flat)  0 (hierarchical)
    Elapsed: 0.030s  Memory: 3151.00M
"holes" in: sky130A_mr.drc:457
    Polygons (raw): 0 (flat)  0 (hierarchical)
    Elapsed: 0.050s  Memory: 3151.00M
"with_area" in: sky130A_mr.drc:457
    Polygons (raw): 0 (flat)  0 (hierarchical)
    Elapsed: 0.110s  Memory: 3151.00M
"output" in: sky130A_mr.drc:457
    Polygons (raw): 0 (flat)  0 (hierarchical)
    Elapsed: 0.030s  Memory: 3151.00M
"enclosing" in: sky130A_mr.drc:464
    Edge pairs: 3438698 (flat)  175236 (hierarchical)
    Elapsed: 42.390s  Memory: 3215.00M
"second_edges" in: sky130A_mr.drc:464
    Edges: 3438698 (flat)  175236 (hierarchical)
    Elapsed: 0.020s  Memory: 3215.00M
"width" in: sky130A_mr.drc:465
    Edge pairs: 0 (flat)  0 (hierarchical)
    Elapsed: 0.860s  Memory: 3151.00M
"polygons" in: sky130A_mr.drc:466
    Polygons (raw): 0 (flat)  0 (hierarchical)
    Elapsed: 0.010s  Memory: 3151.00M
"interacting" in: sky130A_mr.drc:466
    Polygons (raw): 0 (flat)  0 (hierarchical)
    Elapsed: 37.790s  Memory: 3278.00M
"output" in: sky130A_mr.drc:467
    Polygons (raw): 0 (flat)  0 (hierarchical)
    Elapsed: 0.030s  Memory: 3278.00M
END: 68/20 (m1)
START: 68/44 (via)
"not" in: sky130A_mr.drc:481
    Polygons (raw): 2234980 (flat)  228276 (hierarchical)
    Elapsed: 0.030s  Memory: 3278.00M
"non_rectangles" in: sky130A_mr.drc:483
    Polygons (raw): 0 (flat)  0 (hierarchical)
    Elapsed: 1.230s  Memory: 3278.00M
"output" in: sky130A_mr.drc:483
    Polygons (raw): 0 (flat)  0 (hierarchical)
    Elapsed: 0.030s  Memory: 3278.00M
"width" in: sky130A_mr.drc:484
    Edge pairs: 0 (flat)  0 (hierarchical)
    Elapsed: 0.130s  Memory: 3278.00M
"output" in: sky130A_mr.drc:484
    Edge pairs: 0 (flat)  0 (hierarchical)
    Elapsed: 0.030s  Memory: 3278.00M
"drc" in: sky130A_mr.drc:486
    Edges: 0 (flat)  0 (hierarchical)
    Elapsed: 0.580s  Memory: 3278.00M
"output" in: sky130A_mr.drc:486
    Edges: 0 (flat)  0 (hierarchical)
    Elapsed: 0.030s  Memory: 3278.00M
"space" in: sky130A_mr.drc:488
    Edge pairs: 0 (flat)  0 (hierarchical)
    Elapsed: 1.880s  Memory: 3278.00M
"output" in: sky130A_mr.drc:488
    Edge pairs: 0 (flat)  0 (hierarchical)
    Elapsed: 0.030s  Memory: 3278.00M
"edges" in: sky130A_mr.drc:496
    Edges: 24482145 (flat)  1119584 (hierarchical)
    Elapsed: 28.900s  Memory: 3342.00M
"drc" in: sky130A_mr.drc:496
    Edges: 8939920 (flat)  913104 (hierarchical)
    Elapsed: 3.150s  Memory: 3342.00M
"enclosing" in: sky130A_mr.drc:496
    Edge pairs: 0 (flat)  0 (hierarchical)
    Elapsed: 37.100s  Memory: 3342.00M
"output" in: sky130A_mr.drc:496
    Edge pairs: 0 (flat)  0 (hierarchical)
    Elapsed: 0.030s  Memory: 3342.00M
"squares" in: sky130A_mr.drc:497
    Polygons (raw): 2234980 (flat)  228276 (hierarchical)
    Elapsed: 0.090s  Memory: 3342.00M
"drc" in: sky130A_mr.drc:497
    Edges: 8939920 (flat)  913104 (hierarchical)
    Elapsed: 3.120s  Memory: 3342.00M
"not" in: sky130A_mr.drc:497
    Edges: 0 (flat)  0 (hierarchical)
    Elapsed: 7.250s  Memory: 3342.00M
"output" in: sky130A_mr.drc:497
    Edges: 0 (flat)  0 (hierarchical)
    Elapsed: 0.030s  Memory: 3342.00M
"edges" in: sky130A_mr.drc:499
    Edges: 24482145 (flat)  1119584 (hierarchical)
    Elapsed: 27.430s  Memory: 3342.00M
"drc" in: sky130A_mr.drc:499
    Edges: 8939920 (flat)  913104 (hierarchical)
    Elapsed: 2.960s  Memory: 3342.00M
"enclosing" in: sky130A_mr.drc:499
    Edge pairs: 1664464 (flat)  139094 (hierarchical)
    Elapsed: 37.220s  Memory: 3342.00M
"second_edges" in: sky130A_mr.drc:499
    Edges: 1664464 (flat)  139094 (hierarchical)
    Elapsed: 0.020s  Memory: 3342.00M
"width" in: sky130A_mr.drc:500
    Edge pairs: 0 (flat)  0 (hierarchical)
    Elapsed: 0.540s  Memory: 3342.00M
"polygons" in: sky130A_mr.drc:501
    Polygons (raw): 0 (flat)  0 (hierarchical)
    Elapsed: 0.010s  Memory: 3342.00M
"interacting" in: sky130A_mr.drc:501
    Polygons (raw): 0 (flat)  0 (hierarchical)
    Elapsed: 0.070s  Memory: 3342.00M
"output" in: sky130A_mr.drc:502
    Polygons (raw): 0 (flat)  0 (hierarchical)
    Elapsed: 0.030s  Memory: 3342.00M
END: 68/44 (via)
START: 69/20 (m2)
"width" in: sky130A_mr.drc:509
    Edge pairs: 0 (flat)  0 (hierarchical)
    Elapsed: 0.620s  Memory: 3342.00M
"output" in: sky130A_mr.drc:509
    Edge pairs: 0 (flat)  0 (hierarchical)
    Elapsed: 0.030s  Memory: 3342.00M
"sized" in: sky130A_mr.drc:511
    Polygons (raw): 0 (flat)  0 (hierarchical)
    Elapsed: 0.440s  Memory: 3342.00M
"sized" in: sky130A_mr.drc:511
    Polygons (raw): 0 (flat)  0 (hierarchical)
    Elapsed: 0.020s  Memory: 3342.00M
"snap" in: sky130A_mr.drc:511
    Polygons (raw): 0 (flat)  0 (hierarchical)
    Elapsed: 0.040s  Memory: 3342.00M
"&" in: sky130A_mr.drc:511
    Polygons (raw): 0 (flat)  0 (hierarchical)
    Elapsed: 0.030s  Memory: 3342.00M
"edges" in: sky130A_mr.drc:512
    Edges: 5485071 (flat)  500203 (hierarchical)
    Elapsed: 33.730s  Memory: 3342.00M
"-" in: sky130A_mr.drc:512
    Edges: 5485071 (flat)  500203 (hierarchical)
    Elapsed: 0.030s  Memory: 3342.00M
"edges" in: sky130A_mr.drc:513
    Edges: 0 (flat)  0 (hierarchical)
    Elapsed: 0.050s  Memory: 3342.00M
"merged" in: sky130A_mr.drc:513
    Polygons (raw): 407591 (flat)  41575 (hierarchical)
    Elapsed: 0.010s  Memory: 3342.00M
"outside_part" in: sky130A_mr.drc:513
    Edges: 0 (flat)  0 (hierarchical)
    Elapsed: 0.030s  Memory: 3342.00M
"not" in: sky130A_mr.drc:514
    Polygons (raw): 2234980 (flat)  228276 (hierarchical)
    Elapsed: 0.020s  Memory: 3342.00M
"space" in: sky130A_mr.drc:516
    Edge pairs: 0 (flat)  0 (hierarchical)
    Elapsed: 19.960s  Memory: 3342.00M
"output" in: sky130A_mr.drc:516
    Edge pairs: 0 (flat)  0 (hierarchical)
    Elapsed: 0.030s  Memory: 3342.00M
"separation" in: sky130A_mr.drc:518
    Edge pairs: 0 (flat)  0 (hierarchical)
    Elapsed: 0.010s  Memory: 3342.00M
"space" in: sky130A_mr.drc:518
    Edge pairs: 0 (flat)  0 (hierarchical)
    Elapsed: 0.010s  Memory: 3342.00M
"+" in: sky130A_mr.drc:518
    Edge pairs: 0 (flat)  0 (hierarchical)
    Elapsed: 0.010s  Memory: 3342.00M
"output" in: sky130A_mr.drc:518
    Edge pairs: 0 (flat)  0 (hierarchical)
    Elapsed: 0.010s  Memory: 3342.00M
"with_area" in: sky130A_mr.drc:520
    Polygons (raw): 0 (flat)  0 (hierarchical)
    Elapsed: 0.070s  Memory: 3342.00M
"output" in: sky130A_mr.drc:520
    Polygons (raw): 0 (flat)  0 (hierarchical)
    Elapsed: 0.030s  Memory: 3342.00M
"holes" in: sky130A_mr.drc:521
    Polygons (raw): 0 (flat)  0 (hierarchical)
    Elapsed: 0.020s  Memory: 3342.00M
"with_area" in: sky130A_mr.drc:521
    Polygons (raw): 0 (flat)  0 (hierarchical)
    Elapsed: 0.110s  Memory: 3342.00M
"output" in: sky130A_mr.drc:521
    Polygons (raw): 0 (flat)  0 (hierarchical)
    Elapsed: 0.030s  Memory: 3342.00M
"enclosing" in: sky130A_mr.drc:526
    Edge pairs: 0 (flat)  0 (hierarchical)
    Elapsed: 1.290s  Memory: 3342.00M
"output" in: sky130A_mr.drc:526
    Edge pairs: 0 (flat)  0 (hierarchical)
    Elapsed: 0.020s  Memory: 3342.00M
"not" in: sky130A_mr.drc:527
    Polygons (raw): 0 (flat)  0 (hierarchical)
    Elapsed: 0.760s  Memory: 3342.00M
"output" in: sky130A_mr.drc:527
    Polygons (raw): 0 (flat)  0 (hierarchical)
    Elapsed: 0.030s  Memory: 3342.00M
"enclosing" in: sky130A_mr.drc:528
    Edge pairs: 1728621 (flat)  159571 (hierarchical)
    Elapsed: 1.990s  Memory: 3342.00M
"second_edges" in: sky130A_mr.drc:528
    Edges: 1728621 (flat)  159571 (hierarchical)
    Elapsed: 0.020s  Memory: 3342.00M
"width" in: sky130A_mr.drc:529
    Edge pairs: 0 (flat)  0 (hierarchical)
    Elapsed: 0.690s  Memory: 3342.00M
"polygons" in: sky130A_mr.drc:530
    Polygons (raw): 0 (flat)  0 (hierarchical)
    Elapsed: 0.010s  Memory: 3342.00M
"interacting" in: sky130A_mr.drc:530
    Polygons (raw): 0 (flat)  0 (hierarchical)
    Elapsed: 0.080s  Memory: 3342.00M
"output" in: sky130A_mr.drc:531
    Polygons (raw): 0 (flat)  0 (hierarchical)
    Elapsed: 0.030s  Memory: 3342.00M
END: 69/20 (m2)
START: 69/44 (via2)
"not" in: sky130A_mr.drc:546
    Polygons (raw): 1146783 (flat)  128493 (hierarchical)
    Elapsed: 0.030s  Memory: 3342.00M
"non_rectangles" in: sky130A_mr.drc:547
    Polygons (raw): 0 (flat)  0 (hierarchical)
    Elapsed: 0.760s  Memory: 3342.00M
"output" in: sky130A_mr.drc:547
    Polygons (raw): 0 (flat)  0 (hierarchical)
    Elapsed: 0.040s  Memory: 3342.00M
"width" in: sky130A_mr.drc:548
    Edge pairs: 0 (flat)  0 (hierarchical)
    Elapsed: 0.090s  Memory: 3342.00M
"output" in: sky130A_mr.drc:548
    Edge pairs: 0 (flat)  0 (hierarchical)
    Elapsed: 0.030s  Memory: 3342.00M
"edges" in: sky130A_mr.drc:549
    Edges: 4587132 (flat)  513972 (hierarchical)
    Elapsed: 0.880s  Memory: 3342.00M
"without_length" in: sky130A_mr.drc:549
    Edges: 0 (flat)  0 (hierarchical)
    Elapsed: 1.520s  Memory: 3342.00M
"output" in: sky130A_mr.drc:549
    Edges: 0 (flat)  0 (hierarchical)
    Elapsed: 0.030s  Memory: 3342.00M
"space" in: sky130A_mr.drc:550
    Edge pairs: 0 (flat)  0 (hierarchical)
    Elapsed: 1.130s  Memory: 3342.00M
"output" in: sky130A_mr.drc:550
    Edge pairs: 0 (flat)  0 (hierarchical)
    Elapsed: 0.030s  Memory: 3342.00M
"enclosing" in: sky130A_mr.drc:558
    Edge pairs: 0 (flat)  0 (hierarchical)
    Elapsed: 0.660s  Memory: 3342.00M
"output" in: sky130A_mr.drc:558
    Edge pairs: 0 (flat)  0 (hierarchical)
    Elapsed: 0.030s  Memory: 3342.00M
"not" in: sky130A_mr.drc:559
    Polygons (raw): 0 (flat)  0 (hierarchical)
    Elapsed: 0.400s  Memory: 3342.00M
"output" in: sky130A_mr.drc:559
    Polygons (raw): 0 (flat)  0 (hierarchical)
    Elapsed: 0.030s  Memory: 3342.00M
"enclosing" in: sky130A_mr.drc:561
    Edge pairs: 56953 (flat)  6203 (hierarchical)
    Elapsed: 0.740s  Memory: 3342.00M
"second_edges" in: sky130A_mr.drc:561
    Edges: 56953 (flat)  6203 (hierarchical)
    Elapsed: 0.010s  Memory: 3342.00M
"width" in: sky130A_mr.drc:562
    Edge pairs: 0 (flat)  0 (hierarchical)
    Elapsed: 0.230s  Memory: 3342.00M
"polygons" in: sky130A_mr.drc:563
    Polygons (raw): 0 (flat)  0 (hierarchical)
    Elapsed: 0.010s  Memory: 3342.00M
"interacting" in: sky130A_mr.drc:563
    Polygons (raw): 0 (flat)  0 (hierarchical)
    Elapsed: 0.060s  Memory: 3342.00M
"output" in: sky130A_mr.drc:564
    Polygons (raw): 0 (flat)  0 (hierarchical)
    Elapsed: 0.030s  Memory: 3342.00M
END: 69/44 (via2)
START: 70/20 (m3)
"width" in: sky130A_mr.drc:570
    Edge pairs: 0 (flat)  0 (hierarchical)
    Elapsed: 0.180s  Memory: 3342.00M
"output" in: sky130A_mr.drc:570
    Edge pairs: 0 (flat)  0 (hierarchical)
    Elapsed: 0.030s  Memory: 3342.00M
"sized" in: sky130A_mr.drc:572
    Polygons (raw): 0 (flat)  0 (hierarchical)
    Elapsed: 0.110s  Memory: 3342.00M
"sized" in: sky130A_mr.drc:572
    Polygons (raw): 0 (flat)  0 (hierarchical)
    Elapsed: 0.030s  Memory: 3342.00M
"snap" in: sky130A_mr.drc:572
    Polygons (raw): 0 (flat)  0 (hierarchical)
    Elapsed: 0.040s  Memory: 3342.00M
"&" in: sky130A_mr.drc:572
    Polygons (raw): 0 (flat)  0 (hierarchical)
    Elapsed: 0.030s  Memory: 3342.00M
"edges" in: sky130A_mr.drc:573
    Edges: 314914 (flat)  67870 (hierarchical)
    Elapsed: 2.180s  Memory: 3342.00M
"-" in: sky130A_mr.drc:573
    Edges: 314914 (flat)  67870 (hierarchical)
    Elapsed: 0.030s  Memory: 3342.00M
"edges" in: sky130A_mr.drc:574
    Edges: 0 (flat)  0 (hierarchical)
    Elapsed: 0.040s  Memory: 3342.00M
"merged" in: sky130A_mr.drc:574
    Polygons (raw): 39764 (flat)  11008 (hierarchical)
    Elapsed: 0.010s  Memory: 3342.00M
"outside_part" in: sky130A_mr.drc:574
    Edges: 0 (flat)  0 (hierarchical)
    Elapsed: 0.020s  Memory: 3342.00M
"space" in: sky130A_mr.drc:576
    Edge pairs: 0 (flat)  0 (hierarchical)
    Elapsed: 1.240s  Memory: 3342.00M
"output" in: sky130A_mr.drc:576
    Edge pairs: 0 (flat)  0 (hierarchical)
    Elapsed: 0.020s  Memory: 3342.00M
"separation" in: sky130A_mr.drc:578
    Edge pairs: 0 (flat)  0 (hierarchical)
    Elapsed: 0.010s  Memory: 3342.00M
"space" in: sky130A_mr.drc:578
    Edge pairs: 0 (flat)  0 (hierarchical)
    Elapsed: 0.010s  Memory: 3342.00M
"+" in: sky130A_mr.drc:578
    Edge pairs: 0 (flat)  0 (hierarchical)
    Elapsed: 0.000s  Memory: 3342.00M
"output" in: sky130A_mr.drc:578
    Edge pairs: 0 (flat)  0 (hierarchical)
    Elapsed: 0.010s  Memory: 3342.00M
"enclosing" in: sky130A_mr.drc:583
    Edge pairs: 0 (flat)  0 (hierarchical)
    Elapsed: 0.740s  Memory: 3342.00M
"output" in: sky130A_mr.drc:583
    Edge pairs: 0 (flat)  0 (hierarchical)
    Elapsed: 0.040s  Memory: 3342.00M
"not" in: sky130A_mr.drc:584
    Polygons (raw): 0 (flat)  0 (hierarchical)
    Elapsed: 0.320s  Memory: 3342.00M
"output" in: sky130A_mr.drc:584
    Polygons (raw): 0 (flat)  0 (hierarchical)
    Elapsed: 0.030s  Memory: 3342.00M
END: 70/20 (m3)
START: 70/44 (via3)
"not" in: sky130A_mr.drc:598
    Polygons (raw): 1120567 (flat)  125839 (hierarchical)
    Elapsed: 0.030s  Memory: 3342.00M
"non_rectangles" in: sky130A_mr.drc:599
    Polygons (raw): 0 (flat)  0 (hierarchical)
    Elapsed: 0.710s  Memory: 3342.00M
"output" in: sky130A_mr.drc:599
    Polygons (raw): 0 (flat)  0 (hierarchical)
    Elapsed: 0.030s  Memory: 3342.00M
"width" in: sky130A_mr.drc:600
    Edge pairs: 0 (flat)  0 (hierarchical)
    Elapsed: 0.090s  Memory: 3342.00M
"output" in: sky130A_mr.drc:600
    Edge pairs: 0 (flat)  0 (hierarchical)
    Elapsed: 0.040s  Memory: 3342.00M
"edges" in: sky130A_mr.drc:601
    Edges: 4482268 (flat)  503356 (hierarchical)
    Elapsed: 0.780s  Memory: 3342.00M
"without_length" in: sky130A_mr.drc:601
    Edges: 0 (flat)  0 (hierarchical)
    Elapsed: 1.530s  Memory: 3342.00M
"output" in: sky130A_mr.drc:601
    Edges: 0 (flat)  0 (hierarchical)
    Elapsed: 0.030s  Memory: 3342.00M
"space" in: sky130A_mr.drc:603
    Edge pairs: 0 (flat)  0 (hierarchical)
    Elapsed: 1.100s  Memory: 3342.00M
"output" in: sky130A_mr.drc:603
    Edge pairs: 0 (flat)  0 (hierarchical)
    Elapsed: 0.030s  Memory: 3342.00M
"enclosing" in: sky130A_mr.drc:604
    Edge pairs: 0 (flat)  0 (hierarchical)
    Elapsed: 0.620s  Memory: 3342.00M
"output" in: sky130A_mr.drc:604
    Edge pairs: 0 (flat)  0 (hierarchical)
    Elapsed: 0.030s  Memory: 3342.00M
"not" in: sky130A_mr.drc:605
    Polygons (raw): 0 (flat)  0 (hierarchical)
    Elapsed: 0.330s  Memory: 3342.00M
"output" in: sky130A_mr.drc:605
    Polygons (raw): 0 (flat)  0 (hierarchical)
    Elapsed: 0.030s  Memory: 3342.00M
"enclosing" in: sky130A_mr.drc:607
    Edge pairs: 2241606 (flat)  251772 (hierarchical)
    Elapsed: 2.720s  Memory: 3342.00M
"second_edges" in: sky130A_mr.drc:607
    Edges: 2241606 (flat)  251772 (hierarchical)
    Elapsed: 0.020s  Memory: 3342.00M
"width" in: sky130A_mr.drc:608
    Edge pairs: 0 (flat)  0 (hierarchical)
    Elapsed: 0.820s  Memory: 3342.00M
"polygons" in: sky130A_mr.drc:609
    Polygons (raw): 0 (flat)  0 (hierarchical)
    Elapsed: 0.010s  Memory: 3342.00M
"interacting" in: sky130A_mr.drc:609
    Polygons (raw): 0 (flat)  0 (hierarchical)
    Elapsed: 0.070s  Memory: 3342.00M
"output" in: sky130A_mr.drc:610
    Polygons (raw): 0 (flat)  0 (hierarchical)
    Elapsed: 0.040s  Memory: 3342.00M
END: 70/44 (via3)
START: 71/20 (m4)
"width" in: sky130A_mr.drc:616
    Edge pairs: 0 (flat)  0 (hierarchical)
    Elapsed: 0.110s  Memory: 3342.00M
"output" in: sky130A_mr.drc:616
    Edge pairs: 0 (flat)  0 (hierarchical)
    Elapsed: 0.030s  Memory: 3342.00M
"sized" in: sky130A_mr.drc:618
    Polygons (raw): 409 (flat)  409 (hierarchical)
    Elapsed: 0.060s  Memory: 3342.00M
"sized" in: sky130A_mr.drc:618
    Polygons (raw): 409 (flat)  409 (hierarchical)
    Elapsed: 0.050s  Memory: 3342.00M
"snap" in: sky130A_mr.drc:618
    Polygons (raw): 409 (flat)  409 (hierarchical)
    Elapsed: 0.130s  Memory: 3342.00M
"&" in: sky130A_mr.drc:618
    Polygons (raw): 409 (flat)  409 (hierarchical)
    Elapsed: 0.110s  Memory: 3342.00M
"edges" in: sky130A_mr.drc:619
    Edges: 16422 (flat)  5194 (hierarchical)
    Elapsed: 0.230s  Memory: 3342.00M
"-" in: sky130A_mr.drc:619
    Edges: 13532 (flat)  2920 (hierarchical)
    Elapsed: 0.200s  Memory: 3342.00M
"edges" in: sky130A_mr.drc:620
    Edges: 1636 (flat)  1636 (hierarchical)
    Elapsed: 0.070s  Memory: 3342.00M
"merged" in: sky130A_mr.drc:620
    Polygons (raw): 1482 (flat)  642 (hierarchical)
    Elapsed: 0.010s  Memory: 3342.00M
"outside_part" in: sky130A_mr.drc:620
    Edges: 1636 (flat)  1636 (hierarchical)
    Elapsed: 0.110s  Memory: 3342.00M
"space" in: sky130A_mr.drc:622
    Edge pairs: 0 (flat)  0 (hierarchical)
    Elapsed: 0.210s  Memory: 3342.00M
"output" in: sky130A_mr.drc:622
    Edge pairs: 0 (flat)  0 (hierarchical)
    Elapsed: 0.020s  Memory: 3342.00M
"with_area" in: sky130A_mr.drc:624
    Polygons (raw): 0 (flat)  0 (hierarchical)
    Elapsed: 0.040s  Memory: 3342.00M
"output" in: sky130A_mr.drc:624
    Polygons (raw): 0 (flat)  0 (hierarchical)
    Elapsed: 0.030s  Memory: 3342.00M
"separation" in: sky130A_mr.drc:626
    Edge pairs: 0 (flat)  0 (hierarchical)
    Elapsed: 0.180s  Memory: 3342.00M
"space" in: sky130A_mr.drc:626
    Edge pairs: 0 (flat)  0 (hierarchical)
    Elapsed: 0.040s  Memory: 3342.00M
"+" in: sky130A_mr.drc:626
    Edge pairs: 0 (flat)  0 (hierarchical)
    Elapsed: 0.030s  Memory: 3342.00M
"output" in: sky130A_mr.drc:626
    Edge pairs: 0 (flat)  0 (hierarchical)
    Elapsed: 0.030s  Memory: 3342.00M
"enclosing" in: sky130A_mr.drc:631
    Edge pairs: 0 (flat)  0 (hierarchical)
    Elapsed: 10.160s  Memory: 3350.00M
"output" in: sky130A_mr.drc:631
    Edge pairs: 0 (flat)  0 (hierarchical)
    Elapsed: 0.060s  Memory: 3342.00M
"not" in: sky130A_mr.drc:632
    Polygons (raw): 0 (flat)  0 (hierarchical)
    Elapsed: 1.020s  Memory: 3342.00M
"output" in: sky130A_mr.drc:632
    Polygons (raw): 0 (flat)  0 (hierarchical)
    Elapsed: 0.020s  Memory: 3342.00M
END: 71/20 (m4)
START: 71/44 (via4)
"not" in: sky130A_mr.drc:645
    Polygons (raw): 21056 (flat)  21056 (hierarchical)
    Elapsed: 0.030s  Memory: 3342.00M
"non_rectangles" in: sky130A_mr.drc:646
    Polygons (raw): 0 (flat)  0 (hierarchical)
    Elapsed: 0.190s  Memory: 3342.00M
"output" in: sky130A_mr.drc:646
    Polygons (raw): 0 (flat)  0 (hierarchical)
    Elapsed: 0.030s  Memory: 3342.00M
"width" in: sky130A_mr.drc:647
    Edge pairs: 0 (flat)  0 (hierarchical)
    Elapsed: 0.220s  Memory: 3342.00M
"output" in: sky130A_mr.drc:647
    Edge pairs: 0 (flat)  0 (hierarchical)
    Elapsed: 0.040s  Memory: 3342.00M
"drc" in: sky130A_mr.drc:648
    Edges: 0 (flat)  0 (hierarchical)
    Elapsed: 0.090s  Memory: 3342.00M
"output" in: sky130A_mr.drc:648
    Edges: 0 (flat)  0 (hierarchical)
    Elapsed: 0.030s  Memory: 3342.00M
"space" in: sky130A_mr.drc:650
    Edge pairs: 0 (flat)  0 (hierarchical)
    Elapsed: 0.100s  Memory: 3342.00M
"polygons" in: sky130A_mr.drc:650
    Polygons (raw): 0 (flat)  0 (hierarchical)
    Elapsed: 0.010s  Memory: 3342.00M
"output" in: sky130A_mr.drc:650
    Polygons (raw): 0 (flat)  0 (hierarchical)
    Elapsed: 0.020s  Memory: 3342.00M
"enclosing" in: sky130A_mr.drc:658
    Edge pairs: 0 (flat)  0 (hierarchical)
    Elapsed: 0.590s  Memory: 3342.00M
"output" in: sky130A_mr.drc:658
    Edge pairs: 0 (flat)  0 (hierarchical)
    Elapsed: 0.030s  Memory: 3342.00M
"not" in: sky130A_mr.drc:659
    Polygons (raw): 0 (flat)  0 (hierarchical)
    Elapsed: 0.560s  Memory: 3342.00M
"output" in: sky130A_mr.drc:659
    Polygons (raw): 0 (flat)  0 (hierarchical)
    Elapsed: 0.030s  Memory: 3342.00M
END: 71/44 (via4)
START: 72/20 (m5)
"width" in: sky130A_mr.drc:664
    Edge pairs: 0 (flat)  0 (hierarchical)
    Elapsed: 0.080s  Memory: 3342.00M
"output" in: sky130A_mr.drc:664
    Edge pairs: 0 (flat)  0 (hierarchical)
    Elapsed: 0.020s  Memory: 3342.00M
"space" in: sky130A_mr.drc:666
    Edge pairs: 0 (flat)  0 (hierarchical)
    Elapsed: 0.050s  Memory: 3342.00M
"output" in: sky130A_mr.drc:666
    Edge pairs: 0 (flat)  0 (hierarchical)
    Elapsed: 0.020s  Memory: 3342.00M
"enclosing" in: sky130A_mr.drc:668
    Edge pairs: 0 (flat)  0 (hierarchical)
    Elapsed: 0.140s  Memory: 3342.00M
"output" in: sky130A_mr.drc:668
    Edge pairs: 0 (flat)  0 (hierarchical)
    Elapsed: 0.030s  Memory: 3342.00M
"not" in: sky130A_mr.drc:669
    Polygons (raw): 0 (flat)  0 (hierarchical)
    Elapsed: 0.080s  Memory: 3342.00M
"output" in: sky130A_mr.drc:669
    Polygons (raw): 0 (flat)  0 (hierarchical)
    Elapsed: 0.030s  Memory: 3342.00M
"with_area" in: sky130A_mr.drc:673
    Polygons (raw): 0 (flat)  0 (hierarchical)
    Elapsed: 0.040s  Memory: 3342.00M
"output" in: sky130A_mr.drc:673
    Polygons (raw): 0 (flat)  0 (hierarchical)
    Elapsed: 0.020s  Memory: 3342.00M
END: 72/20 (m5)
START: 76/20 (pad)
"space" in: sky130A_mr.drc:678
    Edge pairs: 0 (flat)  0 (hierarchical)
    Elapsed: 0.140s  Memory: 3342.00M
"output" in: sky130A_mr.drc:678
    Edge pairs: 0 (flat)  0 (hierarchical)
    Elapsed: 0.030s  Memory: 3342.00M
END: 76/20 (pad)
Writing report database: /home/alex/chaos_automaton_Summer_2022/precheck_results/12_AUG_2022___22_49_30/outputs/reports/klayout_beol_check.xml ..
Total elapsed: 773.760s  Memory: 3246.00M
 
Cell exclusion list:
   rule    | cell
   nwell.6 | sky130_fd_io__gpiov2_amux, sky130_fd_io__simple_pad_and_busses, sram
   nsd.1   | sram
   nsd.2   | sram
   psd.1   | sram
   psd.2   | sram
 
release 2022.6.30_01.07
