2022-08-12 22:49:30 - [INFO] - {{EXTRACTING FILES}} Extracting compressed files in: /home/alex/chaos_automaton_Summer_2022
2022-08-12 22:49:30 - [INFO] - {{Project Type Info}} digital
2022-08-12 22:49:30 - [INFO] - {{Project GDS Info}} user_project_wrapper: d6d5bcccf376d4636fd283d7c2eb7e1cc62b6126
2022-08-12 22:49:31 - [INFO] - {{Tools Info}} KLayout: v0.27.10 | Magic: v8.3.315
2022-08-12 22:49:31 - [ERROR] - MPW Precheck failed to get Open PDKs & Skywater PDK versions: Command '['git', '-C', '/home/alex/chaos_automaton_Summer_2022/dependencies/pdks/open_pdks', 'rev-parse', '--verify', 'HEAD']' returned non-zero exit status 128.
2022-08-12 22:49:31 - [INFO] - {{START}} Precheck Started, the full log 'precheck.log' will be located in '/home/alex/chaos_automaton_Summer_2022/precheck_results/12_AUG_2022___22_49_30/logs'
2022-08-12 22:49:31 - [INFO] - {{PRECHECK SEQUENCE}} Precheck will run the following checks: [License, Makefile, Default, Documentation, Consistency, XOR, Magic DRC, Klayout FEOL, Klayout BEOL, Klayout Offgrid, Klayout Metal Minimum Clear Area Density, Klayout Pin Label Purposes Overlapping Drawing, Klayout ZeroArea]
2022-08-12 22:49:31 - [INFO] - {{STEP UPDATE}} Executing Check 1 of 13: License
2022-08-12 22:49:31 - [INFO] - An approved LICENSE (Apache-2.0) was found in /home/alex/chaos_automaton_Summer_2022.
2022-08-12 22:49:31 - [INFO] - {{MAIN LICENSE CHECK PASSED}} An approved LICENSE was found in project root.
2022-08-12 22:49:32 - [INFO] - An approved LICENSE (Apache-2.0) was found in /home/alex/chaos_automaton_Summer_2022.
2022-08-12 22:49:33 - [INFO] - An approved LICENSE (Apache-2.0) was found in /home/alex/chaos_automaton_Summer_2022.
2022-08-12 22:49:34 - [INFO] - An approved LICENSE (Apache-2.0) was found in /home/alex/chaos_automaton_Summer_2022.
2022-08-12 22:49:34 - [INFO] - {{SUBMODULES LICENSE CHECK PASSED}} No prohibited LICENSE file(s) was found in project submodules
2022-08-12 22:49:44 - [ERROR] - SPDX COMPLIANCE FILE UNICODE DECODE EXCEPTION in (/home/alex/chaos_automaton_Summer_2022/mgmt_core_wrapper/lvs/examples/utils/vlog2Spice): 'utf-8' codec can't decode byte 0xf8 in position 96: invalid start byte
2022-08-12 22:49:44 - [ERROR] - SPDX COMPLIANCE FILE UNICODE DECODE EXCEPTION in (/home/alex/chaos_automaton_Summer_2022/mgmt_core_wrapper/lvs/utils/vlog2Spice): 'utf-8' codec can't decode byte 0xf8 in position 96: invalid start byte
2022-08-12 22:49:44 - [ERROR] - SPDX COMPLIANCE FILE UNICODE DECODE EXCEPTION in (/home/alex/chaos_automaton_Summer_2022/mgmt_core_wrapper/verilog/rtl/ibex/sv-source-orig/sv2v): 'utf-8' codec can't decode byte 0xcf in position 0: invalid continuation byte
2022-08-12 22:49:44 - [ERROR] - SPDX COMPLIANCE FILE UNICODE DECODE EXCEPTION in (/home/alex/chaos_automaton_Summer_2022/mgmt_core_wrapper/verilog/dv/tests-standalone/spi_master/spi_master.vcd.hier): 'utf-8' codec can't decode byte 0xfc in position 0: invalid start byte
2022-08-12 22:49:46 - [ERROR] - SPDX COMPLIANCE FILE UNICODE DECODE EXCEPTION in (/home/alex/chaos_automaton_Summer_2022/dependencies/openlane_src/docs/_static/striVe.jpeg): 'utf-8' codec can't decode byte 0xff in position 0: invalid start byte
2022-08-12 22:51:05 - [ERROR] - SPDX COMPLIANCE SYMLINK FILE NOT FOUND in /home/alex/chaos_automaton_Summer_2022/openlane/chaos_subarray/runs/chaos_automaton
2022-08-12 22:51:44 - [WARNING] - {{SPDX COMPLIANCE CHECK FAILED}} Found 10716 non-compliant file(s) with the SPDX Standard.
2022-08-12 22:51:44 - [INFO] - SPDX COMPLIANCE: NON-COMPLIANT FILE(S) PREVIEW: ['/home/alex/chaos_automaton_Summer_2022/Makefile', '/home/alex/chaos_automaton_Summer_2022/sky130B.magicrc', '/home/alex/chaos_automaton_Summer_2022/precheck_results/12_AUG_2022___22_49_30/logs/gds.info', '/home/alex/chaos_automaton_Summer_2022/precheck_results/12_AUG_2022___22_49_30/logs/tools.info', '/home/alex/chaos_automaton_Summer_2022/sdc/chaos_subarray.sdc', '/home/alex/chaos_automaton_Summer_2022/sdc/chaos_automaton.sdc', '/home/alex/chaos_automaton_Summer_2022/sdc/user_project_wrapper.sdc', '/home/alex/chaos_automaton_Summer_2022/sdc/chaos_automaton_full.sdc', '/home/alex/chaos_automaton_Summer_2022/mgmt_core_wrapper/.readthedocs.yaml', '/home/alex/chaos_automaton_Summer_2022/mgmt_core_wrapper/ef_io.list', '/home/alex/chaos_automaton_Summer_2022/mgmt_core_wrapper/sram_roerrors', '/home/alex/chaos_automaton_Summer_2022/mgmt_core_wrapper/Makefile', '/home/alex/chaos_automaton_Summer_2022/mgmt_core_wrapper/litex/generic.py', '/home/alex/chaos_automaton_Summer_2022/mgmt_core_wrapper/litex/caravel_ram.py', '/home/alex/chaos_automaton_Summer_2022/mgmt_core_wrapper/litex/caravel.py']
2022-08-12 22:51:44 - [INFO] - For the full SPDX compliance report check: /home/alex/chaos_automaton_Summer_2022/precheck_results/12_AUG_2022___22_49_30/logs/spdx_compliance_report.log
2022-08-12 22:51:45 - [INFO] - {{STEP UPDATE}} Executing Check 2 of 13: Makefile
2022-08-12 22:51:45 - [INFO] - {{MAKEFILE CHECK PASSED}} Makefile valid.
2022-08-12 22:51:45 - [INFO] - {{STEP UPDATE}} Executing Check 3 of 13: Default
2022-08-12 22:51:45 - [INFO] - {{README DEFAULT CHECK PASSED}} Project 'README.md' was modified and is not identical to the default 'README.md'
2022-08-12 22:51:48 - [INFO] - {{CONTENT DEFAULT CHECK PASSED}} Project 'gds' was modified and is not identical to the default 'gds'
2022-08-12 22:51:48 - [INFO] - {{STEP UPDATE}} Executing Check 4 of 13: Documentation
2022-08-12 22:51:50 - [INFO] - {{DOCUMENTATION CHECK PASSED}} Project documentation is appropriate.
2022-08-12 22:51:50 - [INFO] - {{STEP UPDATE}} Executing Check 5 of 13: Consistency
2022-08-12 22:54:35 - [INFO] - HIERARCHY CHECK PASSED: Module user_project_wrapper is instantiated in caravel. 
2022-08-12 22:54:35 - [INFO] - COMPLEXITY CHECK PASSED: Netlist caravel contains at least 8 instances (90 instances). 
2022-08-12 22:54:35 - [INFO] - MODELING CHECK PASSED: Netlist caravel is structural.
2022-08-12 22:54:35 - [INFO] - SUBMODULE HOOKS CHECK PASSED: All module ports for user_project_wrapper are correctly connected in the top level netlist caravel.
2022-08-12 22:54:35 - [INFO] - POWER CONNECTIONS CHECK PASSED: All instances in caravel are connected to power
2022-08-12 22:54:35 - [INFO] - {{NETLIST CONSISTENCY CHECK PASSED}} caravel netlist passed all consistency checks.
2022-08-12 22:54:35 - [INFO] - PORTS CHECK PASSED: Netlist user_project_wrapper ports match the golden wrapper ports
2022-08-12 22:54:35 - [INFO] - COMPLEXITY CHECK PASSED: Netlist user_project_wrapper contains at least 1 instances (136882 instances). 
2022-08-12 22:54:35 - [INFO] - MODELING CHECK PASSED: Netlist user_project_wrapper is structural.
2022-08-12 22:54:35 - [INFO] - LAYOUT CHECK PASSED: The GDS layout for user_project_wrapper matches the provided structural netlist.
2022-08-12 22:54:37 - [INFO] - POWER CONNECTIONS CHECK PASSED: All instances in user_project_wrapper are connected to power
2022-08-12 22:54:37 - [INFO] - PORT TYPES CHECK PASSED: Netlist user_project_wrapper port types match the golden wrapper port types.
2022-08-12 22:54:37 - [INFO] - {{NETLIST CONSISTENCY CHECK PASSED}} user_project_wrapper netlist passed all consistency checks.
2022-08-12 22:54:37 - [INFO] - {{CONSISTENCY CHECK PASSED}} The user netlist and the top netlist are valid.
2022-08-12 22:54:37 - [INFO] - {{STEP UPDATE}} Executing Check 6 of 13: XOR
2022-08-12 22:54:44 - [ERROR] - XOR CHECK FILE NOT FOUND in /home/alex/chaos_automaton_Summer_2022/precheck_results/12_AUG_2022___22_49_30/logs/xor_check.total
2022-08-12 22:54:44 - [WARNING] - {{XOR CHECK FAILED}} The GDS file has non-conforming geometries.
2022-08-12 22:54:44 - [INFO] - {{STEP UPDATE}} Executing Check 7 of 13: Magic DRC
2022-08-12 22:54:46 - [INFO] - 0 DRC violations
2022-08-12 22:54:46 - [INFO] - {{MAGIC DRC CHECK PASSED}} The GDS file, user_project_wrapper.gds, has no DRC violations.
2022-08-12 22:54:46 - [INFO] - {{STEP UPDATE}} Executing Check 8 of 13: Klayout FEOL
2022-08-12 22:55:56 - [INFO] - No DRC Violations found
2022-08-12 22:55:56 - [INFO] - {{Klayout FEOL CHECK PASSED}} The GDS file, user_project_wrapper.gds, has no DRC violations.
2022-08-12 22:55:56 - [INFO] - {{STEP UPDATE}} Executing Check 9 of 13: Klayout BEOL
2022-08-12 23:08:06 - [INFO] - No DRC Violations found
2022-08-12 23:08:06 - [INFO] - {{Klayout BEOL CHECK PASSED}} The GDS file, user_project_wrapper.gds, has no DRC violations.
2022-08-12 23:08:06 - [INFO] - {{STEP UPDATE}} Executing Check 10 of 13: Klayout Offgrid
2022-08-12 23:09:56 - [INFO] - No DRC Violations found
2022-08-12 23:09:56 - [INFO] - {{Klayout Offgrid CHECK PASSED}} The GDS file, user_project_wrapper.gds, has no DRC violations.
2022-08-12 23:09:56 - [INFO] - {{STEP UPDATE}} Executing Check 11 of 13: Klayout Metal Minimum Clear Area Density
2022-08-12 23:10:30 - [INFO] - No DRC Violations found
2022-08-12 23:10:30 - [INFO] - {{Klayout Metal Minimum Clear Area Density CHECK PASSED}} The GDS file, user_project_wrapper.gds, has no DRC violations.
2022-08-12 23:10:30 - [INFO] - {{STEP UPDATE}} Executing Check 12 of 13: Klayout Pin Label Purposes Overlapping Drawing
2022-08-12 23:10:47 - [INFO] - No DRC Violations found
2022-08-12 23:10:47 - [INFO] - {{Klayout Pin Label Purposes Overlapping Drawing CHECK PASSED}} The GDS file, user_project_wrapper.gds, has no DRC violations.
2022-08-12 23:10:47 - [INFO] - {{STEP UPDATE}} Executing Check 13 of 13: Klayout ZeroArea
2022-08-12 23:10:53 - [INFO] - No DRC Violations found
2022-08-12 23:10:53 - [INFO] - {{Klayout ZeroArea CHECK PASSED}} The GDS file, user_project_wrapper.gds, has no DRC violations.
2022-08-12 23:10:53 - [INFO] - {{FINISH}} Executing Finished, the full log 'precheck.log' can be found in '/home/alex/chaos_automaton_Summer_2022/precheck_results/12_AUG_2022___22_49_30/logs'
2022-08-12 23:10:53 - [CRITICAL] - {{FAILURE}} 1 Check(s) Failed: ['XOR'] !!!
