Reading file /home/alex/chaos_automaton_Summer_2022/gds/user_project_wrapper.gds for cell user_project_wrapper
dbu=0.001
cell user_project_wrapper dbu-bbox(ll;ur)=(-43630,-38270;2963250,3557950)
cell user_project_wrapper dbu-bbox(left,bottom,right,top)=(-43630,-38270,2963250,3557950)
cell user_project_wrapper dbu-size(width,height)=(3006880,3596220)
cell user_project_wrapper micron-bbox(left,bottom,right,top)=(-43.63,-38.27,2963.25,3557.9500000000003)
cell user_project_wrapper micron-size(width,height)=(3006.88,3596.2200000000003)
Done.

Magic 8.3 revision 315 - Compiled on Fri Jul  1 17:37:25 UTC 2022.
Starting magic under Tcl interpreter
Using the terminal as the console.
Using NULL graphics device.
Processing system .magicrc file
Sourcing design .magicrc for technology sky130B ...
2 Magic internal units = 1 Lambda
Could not find file '/usr/local/pdk/volare/sky130/build/41c0908b47130d5675ff8484255b43f66463a7d6/sky130B/libs.tech/magic/sky130B.tech' in any of these directories:
         . $CAD_ROOT/magic/sys $CAD_ROOT/magic/sys/current
Error parsing "/home/alex/chaos_automaton_Summer_2022/dependencies/pdks/sky130B/libs.tech/magic/sky130B.magicrc": couldn't read file "/usr/local/pdk/volare/sky130/build/41c0908b47130d5675ff8484255b43f66463a7d6/sky130B/libs.tech/magic/sky130B.tcl": no such file or directory
Bad local startup file "/home/alex/chaos_automaton_Summer_2022/dependencies/pdks/sky130B/libs.tech/magic/sky130B.magicrc", continuing without.
Scaled tech values by 2 / 1 to match internal grid scaling
Loading "/home/alex/mpw_precheck/checks/xor_check/erase_box.tcl" from command line.
"sky130(vendor)" is not one of the CIF input styles Magic knows.
Error: No style is set
The CIF input styles are: .
Don't know how to read GDS-II:
Nothing in "cifinput" section of tech file.
File user_project_wrapper.mag couldn't be read
No such file or directory
Creating new cell
Root cell box:
           width x height  (   llx,  lly  ), (   urx,  ury  )  area (units^2)

microns:  43.000 x 3520.000  (-43.000,  0.000), ( 0.000,  3520.000)  151360.000
lambda:    21.50 x 1760.00  (-21.50,  0.00 ), (  0.00,  1760.00)  37840.00  
internal:     43 x 3520    (   -43,  0    ), (     0,  3520 )  151360    
Root cell box:
           width x height  (   llx,  lly  ), (   urx,  ury  )  area (units^2)

microns:  43.000 x 3520.000  ( 2920.000,  0.000), ( 2963.000,  3520.000)  151360.000
lambda:    21.50 x 1760.00  ( 1460.00,  0.00 ), ( 1481.50,  1760.00)  37840.00  
internal:     43 x 3520    (  2920,  0    ), (  2963,  3520 )  151360    
Root cell box:
           width x height  (   llx,  lly  ), (   urx,  ury  )  area (units^2)

microns:  3006.000 x 38.000  (-43.000, -38.000), ( 2963.000,  0.000)  114228.000
lambda:   1503.00 x 19.00   (-21.50, -19.00), ( 1481.50,  0.00 )  28557.00  
internal:   3006 x 38      (   -43, -38   ), (  2963,  0    )  114228    
Root cell box:
           width x height  (   llx,  lly  ), (   urx,  ury  )  area (units^2)

microns:  3006.000 x 37.000  (-43.000,  3520.000), ( 2963.000,  3557.000)  111222.000
lambda:   1503.00 x 18.50   (-21.50,  1760.00), ( 1481.50,  1778.50)  27805.50  
internal:   3006 x 37      (   -43,  3520 ), (  2963,  3557 )  111222    
Unrecognized layer: metal5
Layer names are:
    mag or magnet
    f or fence
    r or rotate
    $
    *
    errors
    labels
    subcell
    connect
Unrecognized layer: metal4
Layer names are:
    mag or magnet
    f or fence
    r or rotate
    $
    *
    errors
    labels
    subcell
    connect
Unrecognized layer: metal5
Layer names are:
    mag or magnet
    f or fence
    r or rotate
    $
    *
    errors
    labels
    subcell
    connect
Unrecognized layer: metal4
Layer names are:
    mag or magnet
    f or fence
    r or rotate
    $
    *
    errors
    labels
    subcell
    connect
No CIF/GDS output style set!
I/O error in writing file /home/alex/chaos_automaton_Summer_2022/precheck_results/13_AUG_2022___16_34_48/outputs/user_project_wrapper_erased.gds.
File may be incompletely written.

Magic 8.3 revision 315 - Compiled on Fri Jul  1 17:37:25 UTC 2022.
Starting magic under Tcl interpreter
Using the terminal as the console.
Using NULL graphics device.
Processing system .magicrc file
Sourcing design .magicrc for technology sky130B ...
2 Magic internal units = 1 Lambda
Could not find file '/usr/local/pdk/volare/sky130/build/41c0908b47130d5675ff8484255b43f66463a7d6/sky130B/libs.tech/magic/sky130B.tech' in any of these directories:
         . $CAD_ROOT/magic/sys $CAD_ROOT/magic/sys/current
Error parsing "/home/alex/chaos_automaton_Summer_2022/dependencies/pdks/sky130B/libs.tech/magic/sky130B.magicrc": couldn't read file "/usr/local/pdk/volare/sky130/build/41c0908b47130d5675ff8484255b43f66463a7d6/sky130B/libs.tech/magic/sky130B.tcl": no such file or directory
Bad local startup file "/home/alex/chaos_automaton_Summer_2022/dependencies/pdks/sky130B/libs.tech/magic/sky130B.magicrc", continuing without.
Scaled tech values by 2 / 1 to match internal grid scaling
Loading "/home/alex/mpw_precheck/checks/xor_check/erase_box.tcl" from command line.
"sky130(vendor)" is not one of the CIF input styles Magic knows.
Error: No style is set
The CIF input styles are: .
Don't know how to read GDS-II:
Nothing in "cifinput" section of tech file.
File user_project_wrapper.mag couldn't be read
No such file or directory
Creating new cell
Root cell box:
           width x height  (   llx,  lly  ), (   urx,  ury  )  area (units^2)

microns:  43.000 x 3520.000  (-43.000,  0.000), ( 0.000,  3520.000)  151360.000
lambda:    21.50 x 1760.00  (-21.50,  0.00 ), (  0.00,  1760.00)  37840.00  
internal:     43 x 3520    (   -43,  0    ), (     0,  3520 )  151360    
Root cell box:
           width x height  (   llx,  lly  ), (   urx,  ury  )  area (units^2)

microns:  43.000 x 3520.000  ( 2920.000,  0.000), ( 2963.000,  3520.000)  151360.000
lambda:    21.50 x 1760.00  ( 1460.00,  0.00 ), ( 1481.50,  1760.00)  37840.00  
internal:     43 x 3520    (  2920,  0    ), (  2963,  3520 )  151360    
Root cell box:
           width x height  (   llx,  lly  ), (   urx,  ury  )  area (units^2)

microns:  3006.000 x 38.000  (-43.000, -38.000), ( 2963.000,  0.000)  114228.000
lambda:   1503.00 x 19.00   (-21.50, -19.00), ( 1481.50,  0.00 )  28557.00  
internal:   3006 x 38      (   -43, -38   ), (  2963,  0    )  114228    
Root cell box:
           width x height  (   llx,  lly  ), (   urx,  ury  )  area (units^2)

microns:  3006.000 x 37.000  (-43.000,  3520.000), ( 2963.000,  3557.000)  111222.000
lambda:   1503.00 x 18.50   (-21.50,  1760.00), ( 1481.50,  1778.50)  27805.50  
internal:   3006 x 37      (   -43,  3520 ), (  2963,  3557 )  111222    
Unrecognized layer: metal5
Layer names are:
    mag or magnet
    f or fence
    r or rotate
    $
    *
    errors
    labels
    subcell
    connect
Unrecognized layer: metal4
Layer names are:
    mag or magnet
    f or fence
    r or rotate
    $
    *
    errors
    labels
    subcell
    connect
Unrecognized layer: metal5
Layer names are:
    mag or magnet
    f or fence
    r or rotate
    $
    *
    errors
    labels
    subcell
    connect
Unrecognized layer: metal4
Layer names are:
    mag or magnet
    f or fence
    r or rotate
    $
    *
    errors
    labels
    subcell
    connect
No CIF/GDS output style set!
I/O error in writing file /home/alex/chaos_automaton_Summer_2022/precheck_results/13_AUG_2022___16_34_48/outputs/user_project_wrapper_empty_erased.gds.
File may be incompletely written.
Reading /home/alex/chaos_automaton_Summer_2022/precheck_results/13_AUG_2022___16_34_48/outputs/user_project_wrapper_erased.gds ..
ERROR: In /home/alex/mpw_precheck/checks/xor_check/xor.rb.drc: 'source': Stream has unknown format: /home/alex/chaos_automaton_Summer_2022/precheck_results/13_AUG_2022___16_34_48/outputs/user_project_wrapper_erased.gds in Layout::read
Total elapsed: 0.000s  Memory: 521.00M
ERROR: 'source': Stream has unknown format: /home/alex/chaos_automaton_Summer_2022/precheck_results/13_AUG_2022___16_34_48/outputs/user_project_wrapper_erased.gds in Layout::read in Executable::execute
  /home/alex/mpw_precheck/checks/xor_check/xor.rb.drc:15:in `execute'
  :/built-in-macros/drc_interpreters.lym:27:in `instance_eval'
  :/built-in-macros/drc_interpreters.lym:27:in `execute'
